<?xml version="1.0" encoding="UTF-8"?>
<!-- Generated by org.testng.reporters.JUnitXMLReporter -->
<testsuite ignored="0" hostname="JacobsDesktop" failures="1" tests="1" name="Default test" time="8.344" errors="0" timestamp="2023-12-12T17:11:42 EST">
  <testcase classname="io.cucumber.testng.AbstractTestNGCucumberTests" name="runScenario" time="7.993">
    <failure type="java.lang.NullPointerException" message="Cannot invoke &amp;quot;org.openqa.selenium.WebDriver.findElement(org.openqa.selenium.By)&amp;quot; because &amp;quot;this.driver&amp;quot; is null">
      <![CDATA[java.lang.NullPointerException: Cannot invoke "org.openqa.selenium.WebDriver.findElement(org.openqa.selenium.By)" because "this.driver" is null
at stepDefinitions.greenKartStepDefinitions.user_searched_for_short_name_and_extracted_the_actual_name_of_the_product(greenKartStepDefinitions.java:30)
at ✽.User searched for short name "Tom" and extracted the actual name of the product(file:///C:/Users/jjbra/Udemy-Cucumber/Udemy-Cucumber-P2/src/test/java/features/searchProduct.feature:6)
]]>
    </failure>
  </testcase> <!-- runScenario -->
</testsuite> <!-- Default test -->
