<?xml version="1.0" encoding="UTF-8"?>
<!-- Generated by org.testng.reporters.JUnitReportReporter -->
<testsuite hostname="JacobsDesktop" failures="0" tests="1" name="cucumberOptions.TestNGTestRunner" time="7.993" errors="1" timestamp="2023-12-12T17:11:42 EST" skipped="0">
  <testcase classname="cucumberOptions.TestNGTestRunner" name="runScenario" time="7.993">
    <error message="Cannot invoke &quot;org.openqa.selenium.WebDriver.findElement(org.openqa.selenium.By)&quot; because &quot;this.driver&quot; is null" type="java.lang.NullPointerException">
      <![CDATA[java.lang.NullPointerException: Cannot invoke "org.openqa.selenium.WebDriver.findElement(org.openqa.selenium.By)" because "this.driver" is null
at stepDefinitions.greenKartStepDefinitions.user_searched_for_short_name_and_extracted_the_actual_name_of_the_product(greenKartStepDefinitions.java:30)
at ✽.User searched for short name "Tom" and extracted the actual name of the product(file:///C:/Users/jjbra/Udemy-Cucumber/Udemy-Cucumber-P2/src/test/java/features/searchProduct.feature:6)
]]>
    </error>
  </testcase> <!-- runScenario -->
</testsuite> <!-- cucumberOptions.TestNGTestRunner -->
